 
****************************************
Report : area
Design : JAM
Version: T-2022.03
Date   : Fri Feb 10 17:01:21 2023
****************************************

Library(s) Used:

    slow (File: /home/nfs_cad/lib/CBDK_IC_Contest_v2.1/SynopsysDC/db/slow.db)

Number of ports:                           30
Number of nets:                           984
Number of cells:                          926
Number of combinational cells:            860
Number of sequential cells:                62
Number of macros/black boxes:               0
Number of buf/inv:                        145
Number of references:                     114

Combinational area:               7675.642816
Buf/Inv area:                      928.477797
Noncombinational area:            2213.409595
Macro/Black Box area:                0.000000
Net Interconnect area:          106213.865997

Total cell area:                  9889.052412
Total area:                     116102.918409
1
