 
****************************************
Report : area
Design : geofence
Version: T-2022.03
Date   : Fri Feb 17 17:54:49 2023
****************************************

Library(s) Used:

    slow (File: /usr/cad/lib/CBDK_IC_Contest_v2.1/SynopsysDC/db/slow.db)

Number of ports:                           35
Number of nets:                         10689
Number of cells:                         9500
Number of combinational cells:           9235
Number of sequential cells:               263
Number of macros/black boxes:               0
Number of buf/inv:                       1289
Number of references:                     164

Combinational area:             116397.507430
Buf/Inv area:                     7256.384948
Noncombinational area:            9347.581596
Macro/Black Box area:                0.000000
Net Interconnect area:         1068858.676453

Total cell area:                125745.089027
Total area:                    1194603.765479
1
