 
****************************************
Report : area
Design : LASER
Version: T-2022.03
Date   : Wed Apr 12 19:28:59 2023
****************************************

Library(s) Used:

    slow (File: /usr/cad/lib/CBDK_IC_Contest_v2.1/SynopsysDC/db/slow.db)

Number of ports:                           27
Number of nets:                          3482
Number of cells:                         3436
Number of combinational cells:           3055
Number of sequential cells:               381
Number of macros/black boxes:               0
Number of buf/inv:                        668
Number of references:                     110

Combinational area:              23118.587677
Buf/Inv area:                     3006.095364
Noncombinational area:           10235.322187
Macro/Black Box area:                0.000000
Net Interconnect area:          394568.655487

Total cell area:                 33353.909864
Total area:                     427922.565351
1
