 
****************************************
Report : area
Design : LBP
Version: T-2022.03
Date   : Thu Jul 20 15:58:10 2023
****************************************

Library(s) Used:

    slow (File: /home/nfs_cad/lib/CBDK_IC_Contest_v2.1/SynopsysDC/db/slow.db)

Number of ports:                           50
Number of nets:                           587
Number of cells:                          484
Number of combinational cells:            408
Number of sequential cells:                76
Number of macros/black boxes:               0
Number of buf/inv:                         87
Number of references:                      65

Combinational area:               3739.372192
Buf/Inv area:                      734.974189
Noncombinational area:            2496.875332
Macro/Black Box area:                0.000000
Net Interconnect area:           56653.618225

Total cell area:                  6236.247524
Total area:                      62889.865749
1
