2023-02-04 15:10:49.199583 (2383499) main____ INFO    ----------------------------------------
2023-02-04 15:10:49.199631 (2383499) main____ INFO    JasperGold version info
2023-02-04 15:10:49.199639 (2383499) main____ INFO      tool      : JasperGold 2021.03
2023-02-04 15:10:49.199644 (2383499) main____ INFO      version   : 2021.03 FCS 64 bits
2023-02-04 15:10:49.199648 (2383499) main____ INFO      build date: 2021.03.23 02:50:43 UTC
2023-02-04 15:10:49.199654 (2383499) main____ INFO    ----------------------------------------
2023-02-04 15:10:49.199657 (2383499) main____ INFO    Runtime info:
2023-02-04 15:10:49.199662 (2383499) main____ INFO      platform  : Linux 5.15.0-58-generic x86_64
2023-02-04 15:10:49.199668 (2383499) main____ INFO      hostname  : caidcpuserver1
2023-02-04 15:10:49.199673 (2383499) main____ INFO      pid       : 2383499
2023-02-04 15:10:49.199679 (2383499) main____ INFO      arguments : '-style' 'windows' '-superlint' 'superlint.tcl'
2023-02-04 15:10:49.199683 (2383499) main____ INFO      locale    : UTF-8
2023-02-04 15:10:49.199687 (2383499) main____ INFO    ----------------------------------------
2023-02-04 15:10:49.199693 (2383499) main____ INFO    System resource limits info:
2023-02-04 15:10:49.199697 (2383499) main____ INFO      virtual memory: unlimited
2023-02-04 15:10:49.199702 (2383499) main____ INFO      cpu time      : unlimited
2023-02-04 15:10:49.199710 (2383499) main____ INFO      stack size    : 8388608 B
2023-02-04 15:10:49.199716 (2383499) main____ INFO      core file size: 0 B
2023-02-04 15:10:49.199722 (2383499) main____ INFO      open files    : 1024
2023-02-04 15:10:49.199728 (2383499) main____ INFO      file size     : unlimited
2023-02-04 15:10:49.199732 (2383499) main____ INFO    ----------------------------------------
2023-02-04 15:10:49.199737 (2383499) main____ INFO    Memory statistics:
2023-02-04 15:10:49.199743 (2383499) main____ INFO      total physical memory  : 65589280 kB
2023-02-04 15:10:49.199747 (2383499) main____ INFO      free physical memory   : 58700108 kB
2023-02-04 15:10:49.199752 (2383499) main____ INFO      committed address space: 8391032 kB
2023-02-04 15:10:49.199756 (2383499) main____ INFO    ----------------------------------------
2023-02-04 15:10:49.200314 (2383499) main____ INFO    Important environment variables:
2023-02-04 15:10:49.200328 (2383499) main____ INFO      DISPLAY           : 'localhost:17.0'
2023-02-04 15:10:49.200333 (2383499) main____ INFO      JASPER_INSTALL_DIR: '/home/nfs_cad/cadence/JASPER/jasper_2021.03'
2023-02-04 15:10:49.200340 (2383499) main____ INFO      LANG              : 'en_US.UTF-8'
2023-02-04 15:10:49.200346 (2383499) main____ INFO      LM_LICENSE_FILE   : '1717@lshc:26585@lstn:5280@lstc'
2023-02-04 15:10:49.200351 (2383499) main____ INFO    ----------------------------------------
2023-02-04 15:10:49.221771 (2383499) lic_core INFO    Initializing license system ...
2023-02-04 15:10:49.279487 (2383499) lic_core INFO    ... license system initialized.
2023-02-04 15:10:49.291208 (2383499) lic__man INFO    Claim 'main' for <ui>.
2023-02-04 15:10:49.291271 (2383499) lic_core INFO    (1) checking out 'jasper_interactive' ...
2023-02-04 15:10:49.345449 (2383499) lic_core INFO    ... (1) checkout failed (error: -5) ("FLEXnet ERROR(-5, 0, 0): No such feature exists.")
2023-02-04 15:10:49.345521 (2383499) lic_core INFO    (2) checking out 'jasper_pint' ...
2023-02-04 15:10:49.504892 (2383499) lic_core INFO    ... (2) checkout succeeded
2023-02-04 15:10:49.504981 (2383499) lic__man INFO    Claim 'superlint' for <ui>.
2023-02-04 15:10:49.504995 (2383499) lic_core INFO    (3) checking out 'jasper_afl' ...
2023-02-04 15:10:49.561144 (2383499) lic_core INFO    ... (3) checkout failed (error: -5) ("FLEXnet ERROR(-5, 0, 0): No such feature exists.")
2023-02-04 15:10:49.561203 (2383499) lic_core INFO    (4) checking out 'jasper_dao' ...
2023-02-04 15:10:49.705271 (2383499) lic_core INFO    ... (4) checkout succeeded
2023-02-04 15:10:49.740836 (2383499) main____ INFO    Tool inactivity delay is 480000 ms.
2023-02-04 15:10:50.690698 (2383499) lic__man INFO    Claim 'superlint' for <ui>.
2023-02-04 15:10:51.163497 (2383499) lic__man INFO    Unclaim 'superlint' for <ui>.
2023-02-04 15:10:51.163542 (2383499) lic__man INFO    Claim 'superlint' for <ui>.
2023-02-04 15:10:51.166791 (2383499) session_ INFO    Starting analysis session with session id 'session_0' (launcher: <local>) ...
2023-02-04 15:10:51.169240 (2383499) session_ INFO    Analysis session with session id 'session_0' started (pid: 2383515)
2023-02-04 15:10:56.818628 (2383499) session_ INFO    Analysis session 'session_0' connected to the console (host: 127.0.0.1:44344)
2023-02-04 15:10:58.190358 (2383499) lic__man INFO    Unclaim everything for 'session_0'.
2023-02-04 15:11:14.536419 (2383499) lic__man INFO    Unclaim everything for 'session_0'.
2023-02-04 15:12:27.714147 (2383499) lic__man INFO    Unclaim everything for 'session_0'.
2023-02-04 15:12:28.629696 (2383499) lic__man INFO    Unclaim everything for 'session_0'.
2023-02-04 15:12:28.813844 (2383499) lic__man INFO    Claim 'superlint' for 'session_0'.
2023-02-04 15:12:29.195171 (2383499) lic__man INFO    Claim 'superlint' for 'session_0'.
2023-02-04 15:12:29.195234 (2383499) lic__man INFO    Claim 'superlint' for 'session_0/prove-0'.
2023-02-04 15:12:29.277573 (2383499) lic__man INFO    Claim 'superlint' for 'session_0'.
2023-02-04 15:12:29.277627 (2383499) lic__man INFO    Claim 'superlint' for 'session_0/prove-1'.
2023-02-04 15:12:29.277654 (2383499) lic_core INFO    (5) checking out 'jasper_afl' ...
2023-02-04 15:12:29.328021 (2383499) lic_core INFO    ... (5) checkout failed (error: -5) ("FLEXnet ERROR(-5, 0, 0): No such feature exists.")
2023-02-04 15:12:29.328085 (2383499) lic_core INFO    (6) checking out 'jasper_dao' ...
2023-02-04 15:12:29.482202 (2383499) lic_core INFO    ... (6) checkout succeeded
2023-02-04 15:12:29.504473 (2383499) lic__man INFO    Unclaim everything for 'session_0/prove-0'.
2023-02-04 15:12:29.527791 (2383499) lic__man INFO    Claim 'superlint' for 'session_0'.
2023-02-04 15:12:29.527824 (2383499) lic__man INFO    Claim 'superlint' for 'session_0/prove-2'.
2023-02-04 15:12:29.532985 (2383499) lic__man INFO    Unclaim everything for 'session_0/prove-1'.
2023-02-04 15:12:29.605806 (2383499) lic__man INFO    Unclaim everything for 'session_0/prove-2'.
2023-02-04 15:13:29.827116 (2383499) lic_core INFO    (6) checkin jasper_dao
2023-02-04 15:13:39.848799 (2383499) lic__man INFO    Unclaim everything for 'session_0'.
2023-02-04 15:13:40.514830 (2383499) lic__man INFO    Unclaim everything for 'session_0'.
2023-02-04 15:13:40.651306 (2383499) lic__man INFO    Claim 'superlint' for 'session_0'.
2023-02-04 15:13:40.897304 (2383499) lic__man INFO    Claim 'superlint' for 'session_0'.
2023-02-04 15:13:40.897339 (2383499) lic__man INFO    Claim 'superlint' for 'session_0/prove-0'.
2023-02-04 15:13:40.961752 (2383499) lic__man INFO    Claim 'superlint' for 'session_0'.
2023-02-04 15:13:40.961803 (2383499) lic__man INFO    Claim 'superlint' for 'session_0/prove-1'.
2023-02-04 15:13:40.961831 (2383499) lic_core INFO    (7) checking out 'jasper_afl' ...
2023-02-04 15:13:41.013274 (2383499) lic_core INFO    ... (7) checkout failed (error: -5) ("FLEXnet ERROR(-5, 0, 0): No such feature exists.")
2023-02-04 15:13:41.013335 (2383499) lic_core INFO    (8) checking out 'jasper_dao' ...
2023-02-04 15:13:41.162445 (2383499) lic_core INFO    ... (8) checkout succeeded
2023-02-04 15:13:41.166509 (2383499) lic__man INFO    Unclaim everything for 'session_0/prove-0'.
2023-02-04 15:13:41.188561 (2383499) lic__man INFO    Claim 'superlint' for 'session_0'.
2023-02-04 15:13:41.188613 (2383499) lic__man INFO    Claim 'superlint' for 'session_0/prove-2'.
2023-02-04 15:13:41.198856 (2383499) lic__man INFO    Unclaim everything for 'session_0/prove-1'.
2023-02-04 15:13:41.252231 (2383499) lic__man INFO    Unclaim everything for 'session_0/prove-2'.
2023-02-04 15:13:49.021702 (2383499) main____ INFO    About to exit: requested from GUI
2023-02-04 15:13:49.094518 (2383499) session_ INFO    Analysis session 'session_0' disconnected.
2023-02-04 15:13:49.108689 (2383499) lic_core INFO    (2) checkin jasper_pint
2023-02-04 15:13:49.113715 (2383499) lic_core INFO    (4) checkin jasper_dao
2023-02-04 15:13:49.117285 (2383499) lic_core INFO    (8) checkin jasper_dao
2023-02-04 15:13:49.122209 (2383499) main____ INFO    Exiting with status 0.
