 
****************************************
Report : area
Design : DT
Version: T-2022.03
Date   : Fri Mar 17 16:22:02 2023
****************************************

Library(s) Used:

    slow (File: /usr/cad/lib/CBDK_IC_Contest_v2.1/SynopsysDC/db/slow.db)

Number of ports:                          153
Number of nets:                          1040
Number of cells:                          797
Number of combinational cells:            682
Number of sequential cells:               109
Number of macros/black boxes:               0
Number of buf/inv:                        102
Number of references:                      59

Combinational area:               6144.587936
Buf/Inv area:                      490.548592
Noncombinational area:            3710.516331
Macro/Black Box area:                0.000000
Net Interconnect area:          106213.867737

Total cell area:                  9855.104266
Total area:                     116068.972003
1
